Duplicated file found; will not be sent for synthesis: /home/dcjung/tutorial/aws-fpga/hdk/common/shell_v071417d3/design/ip/ila_vio_counter/hdl/verilog/ltlib_v1_0_0_ver.vh
Duplicated file found; will not be sent for synthesis: /home/dcjung/tutorial/aws-fpga/hdk/common/shell_v071417d3/design/ip/ila_vio_counter/hdl/verilog/ltlib_v1_0_0_lib_fn.vh
Duplicated file found; will not be sent for synthesis: /home/dcjung/tutorial/aws-fpga/hdk/common/shell_v071417d3/design/ip/ila_vio_counter/hdl/ltlib_v1_0_vl_rfs.v
Duplicated file found; will not be sent for synthesis: /home/dcjung/tutorial/aws-fpga/hdk/common/shell_v071417d3/design/ip/ila_vio_counter/hdl/verilog/xsdbs_v1_0_2_i2x.vh
Duplicated file found; will not be sent for synthesis: /home/dcjung/tutorial/aws-fpga/hdk/common/shell_v071417d3/design/ip/ila_vio_counter/hdl/verilog/xsdbs_v1_0_2_in.vh
Duplicated file found; will not be sent for synthesis: /home/dcjung/tutorial/aws-fpga/hdk/common/shell_v071417d3/design/ip/ila_vio_counter/hdl/xsdbs_v1_0_vl_rfs.v
Duplicated file found; will not be sent for synthesis: /home/dcjung/tutorial/aws-fpga/hdk/common/shell_v071417d3/design/ip/ila_vio_counter/hdl/blk_mem_gen_v8_3_vhsyn_rfs.vhd
Duplicated file found; will not be sent for synthesis: /home/dcjung/tutorial/aws-fpga/hdk/common/shell_v071417d3/design/ip/ila_vio_counter/hdl/fifo_generator_v13_1_vhsyn_rfs.vhd
Duplicated file found; will not be sent for synthesis: /home/dcjung/tutorial/aws-fpga/hdk/common/shell_v071417d3/design/ip/ila_0/hdl/verilog/ltlib_v1_0_0_ver.vh
Duplicated file found; will not be sent for synthesis: /home/dcjung/tutorial/aws-fpga/hdk/common/shell_v071417d3/design/ip/ila_0/hdl/verilog/ltlib_v1_0_0_lib_fn.vh
Duplicated file found; will not be sent for synthesis: /home/dcjung/tutorial/aws-fpga/hdk/common/shell_v071417d3/design/ip/ila_0/hdl/ltlib_v1_0_vl_rfs.v
Duplicated file found; will not be sent for synthesis: /home/dcjung/tutorial/aws-fpga/hdk/common/shell_v071417d3/design/ip/ila_0/hdl/verilog/xsdbs_v1_0_2_i2x.vh
Duplicated file found; will not be sent for synthesis: /home/dcjung/tutorial/aws-fpga/hdk/common/shell_v071417d3/design/ip/ila_0/hdl/verilog/xsdbs_v1_0_2_in.vh
Duplicated file found; will not be sent for synthesis: /home/dcjung/tutorial/aws-fpga/hdk/common/shell_v071417d3/design/ip/ila_0/hdl/xsdbs_v1_0_vl_rfs.v
Duplicated file found; will not be sent for synthesis: /home/dcjung/tutorial/aws-fpga/hdk/common/shell_v071417d3/design/ip/ila_0/hdl/blk_mem_gen_v8_3_vhsyn_rfs.vhd
Duplicated file found; will not be sent for synthesis: /home/dcjung/tutorial/aws-fpga/hdk/common/shell_v071417d3/design/ip/ila_0/hdl/fifo_generator_v13_1_vhsyn_rfs.vhd
Duplicated file found; will not be sent for synthesis: /home/dcjung/tutorial/aws-fpga/hdk/common/shell_v071417d3/design/ip/ila_0/hdl/verilog/xsdbm_v3_0_0_i2x.vh
Duplicated file found; will not be sent for synthesis: /home/dcjung/tutorial/aws-fpga/hdk/common/shell_v071417d3/design/ip/ila_0/hdl/verilog/xsdbm_v3_0_0_in.vh
Duplicated file found; will not be sent for synthesis: /home/dcjung/tutorial/aws-fpga/hdk/common/shell_v071417d3/design/ip/ila_0/hdl/verilog/xsdbm_v3_0_0_icn.vh
Duplicated file found; will not be sent for synthesis: /home/dcjung/tutorial/aws-fpga/hdk/common/shell_v071417d3/design/ip/ila_0/hdl/verilog/xsdbm_v3_0_0_bs.vh
Duplicated file found; will not be sent for synthesis: /home/dcjung/tutorial/aws-fpga/hdk/common/shell_v071417d3/design/ip/ila_0/hdl/verilog/xsdbm_v3_0_0_bs_core.vh
Duplicated file found; will not be sent for synthesis: /home/dcjung/tutorial/aws-fpga/hdk/common/shell_v071417d3/design/ip/ila_0/hdl/verilog/xsdbm_v3_0_0_bs_ports.vh
Duplicated file found; will not be sent for synthesis: /home/dcjung/tutorial/aws-fpga/hdk/common/shell_v071417d3/design/ip/ila_0/hdl/verilog/xsdbm_v3_0_0_bsid_ports.vh
Duplicated file found; will not be sent for synthesis: /home/dcjung/tutorial/aws-fpga/hdk/common/shell_v071417d3/design/ip/ila_0/hdl/verilog/xsdbm_v3_0_0_bsid_vec_ports.vh
Duplicated file found; will not be sent for synthesis: /home/dcjung/tutorial/aws-fpga/hdk/common/shell_v071417d3/design/ip/ila_0/hdl/verilog/xsdbm_v3_0_0_bs_vec.vh
Duplicated file found; will not be sent for synthesis: /home/dcjung/tutorial/aws-fpga/hdk/common/shell_v071417d3/design/ip/ila_0/hdl/verilog/xsdbm_v3_0_0_bs_core_vec.vh
Duplicated file found; will not be sent for synthesis: /home/dcjung/tutorial/aws-fpga/hdk/common/shell_v071417d3/design/ip/ila_0/hdl/verilog/xsdbm_v3_0_0_sl_prt_map.vh
Duplicated file found; will not be sent for synthesis: /home/dcjung/tutorial/aws-fpga/hdk/common/shell_v071417d3/design/ip/ila_0/hdl/verilog/xsdbm_v3_0_0_id_map.vh
Duplicated file found; will not be sent for synthesis: /home/dcjung/tutorial/aws-fpga/hdk/common/shell_v071417d3/design/ip/ila_0/hdl/verilog/xsdbm_v3_0_0_id_vec_map.vh
Duplicated file found; will not be sent for synthesis: /home/dcjung/tutorial/aws-fpga/hdk/common/shell_v071417d3/design/ip/ila_0/hdl/xsdbm_v3_0_vl_rfs.v
Duplicated file found; will not be sent for synthesis: /home/dcjung/tutorial/aws-fpga/hdk/common/shell_v071417d3/design/ip/ila_0/hdl/verilog/ila_v6_2_2_ila_ver.vh
Duplicated file found; will not be sent for synthesis: /home/dcjung/tutorial/aws-fpga/hdk/common/shell_v071417d3/design/ip/ila_0/hdl/ila_v6_2_syn_rfs.v
Duplicated file found; will not be sent for synthesis: /home/dcjung/tutorial/aws-fpga/hdk/common/shell_v071417d3/design/ip/ila_0/hdl/verilog/ila_v6_2_2_ila_in.vh
Duplicated file found; will not be sent for synthesis: /home/dcjung/tutorial/aws-fpga/hdk/common/shell_v071417d3/design/ip/ila_0/hdl/verilog/ila_v6_2_2_ila_param.vh
Duplicated file found; will not be sent for synthesis: /home/dcjung/tutorial/aws-fpga/hdk/common/shell_v071417d3/design/ip/ila_0/hdl/verilog/ila_v6_2_2_ila_lparam.vh
Duplicated file found; will not be sent for synthesis: /home/dcjung/tutorial/aws-fpga/hdk/common/shell_v071417d3/design/ip/ila_0/hdl/verilog/ila_v6_2_2_ila_lib_fn.vh
Duplicated file found; will not be sent for synthesis: /home/dcjung/tutorial/aws-fpga/hdk/common/shell_v071417d3/design/ip/dest_register_slice/hdl/axi_infrastructure_v1_1_0.vh
Duplicated file found; will not be sent for synthesis: /home/dcjung/tutorial/aws-fpga/hdk/common/shell_v071417d3/design/ip/dest_register_slice/hdl/axi_infrastructure_v1_1_vl_rfs.v
Duplicated file found; will not be sent for synthesis: /home/dcjung/tutorial/aws-fpga/hdk/common/shell_v071417d3/design/ip/dest_register_slice/hdl/axi_register_slice_v2_1_vl_rfs.v
Duplicated file found; will not be sent for synthesis: /home/dcjung/tutorial/aws-fpga/hdk/common/shell_v071417d3/design/ip/cl_debug_bridge/bd_0/ip/ip_0/hdl/verilog/xsdbm_v3_0_0_i2x.vh
Duplicated file found; will not be sent for synthesis: /home/dcjung/tutorial/aws-fpga/hdk/common/shell_v071417d3/design/ip/cl_debug_bridge/bd_0/ip/ip_0/hdl/verilog/xsdbm_v3_0_0_in.vh
Duplicated file found; will not be sent for synthesis: /home/dcjung/tutorial/aws-fpga/hdk/common/shell_v071417d3/design/ip/cl_debug_bridge/bd_0/ip/ip_0/hdl/verilog/xsdbm_v3_0_0_icn.vh
Duplicated file found; will not be sent for synthesis: /home/dcjung/tutorial/aws-fpga/hdk/common/shell_v071417d3/design/ip/cl_debug_bridge/bd_0/ip/ip_0/hdl/verilog/xsdbm_v3_0_0_bs.vh
Duplicated file found; will not be sent for synthesis: /home/dcjung/tutorial/aws-fpga/hdk/common/shell_v071417d3/design/ip/cl_debug_bridge/bd_0/ip/ip_0/hdl/verilog/xsdbm_v3_0_0_bs_core.vh
Duplicated file found; will not be sent for synthesis: /home/dcjung/tutorial/aws-fpga/hdk/common/shell_v071417d3/design/ip/cl_debug_bridge/bd_0/ip/ip_0/hdl/verilog/xsdbm_v3_0_0_bs_ports.vh
Duplicated file found; will not be sent for synthesis: /home/dcjung/tutorial/aws-fpga/hdk/common/shell_v071417d3/design/ip/cl_debug_bridge/bd_0/ip/ip_0/hdl/verilog/xsdbm_v3_0_0_bsid_ports.vh
Duplicated file found; will not be sent for synthesis: /home/dcjung/tutorial/aws-fpga/hdk/common/shell_v071417d3/design/ip/cl_debug_bridge/bd_0/ip/ip_0/hdl/verilog/xsdbm_v3_0_0_bsid_vec_ports.vh
Duplicated file found; will not be sent for synthesis: /home/dcjung/tutorial/aws-fpga/hdk/common/shell_v071417d3/design/ip/cl_debug_bridge/bd_0/ip/ip_0/hdl/verilog/xsdbm_v3_0_0_bs_vec.vh
Duplicated file found; will not be sent for synthesis: /home/dcjung/tutorial/aws-fpga/hdk/common/shell_v071417d3/design/ip/cl_debug_bridge/bd_0/ip/ip_0/hdl/verilog/xsdbm_v3_0_0_bs_core_vec.vh
Duplicated file found; will not be sent for synthesis: /home/dcjung/tutorial/aws-fpga/hdk/common/shell_v071417d3/design/ip/cl_debug_bridge/bd_0/ip/ip_0/hdl/verilog/xsdbm_v3_0_0_sl_prt_map.vh
Duplicated file found; will not be sent for synthesis: /home/dcjung/tutorial/aws-fpga/hdk/common/shell_v071417d3/design/ip/cl_debug_bridge/bd_0/ip/ip_0/hdl/verilog/xsdbm_v3_0_0_id_map.vh
Duplicated file found; will not be sent for synthesis: /home/dcjung/tutorial/aws-fpga/hdk/common/shell_v071417d3/design/ip/cl_debug_bridge/bd_0/ip/ip_0/hdl/verilog/xsdbm_v3_0_0_id_vec_map.vh
Duplicated file found; will not be sent for synthesis: /home/dcjung/tutorial/aws-fpga/hdk/common/shell_v071417d3/design/ip/cl_debug_bridge/bd_0/ip/ip_0/hdl/xsdbm_v3_0_vl_rfs.v
Duplicated file found; will not be sent for synthesis: /home/dcjung/tutorial/aws-fpga/hdk/common/shell_v071417d3/design/ip/cl_debug_bridge/bd_0/ip/ip_0/hdl/blk_mem_gen_v8_3_vhsyn_rfs.vhd
Duplicated file found; will not be sent for synthesis: /home/dcjung/tutorial/aws-fpga/hdk/common/shell_v071417d3/design/ip/cl_debug_bridge/bd_0/ip/ip_0/hdl/fifo_generator_v13_1_vhsyn_rfs.vhd
Duplicated file found; will not be sent for synthesis: /home/dcjung/tutorial/aws-fpga/hdk/common/shell_v071417d3/design/ip/cl_debug_bridge/bd_0/ip/ip_0/hdl/verilog/ltlib_v1_0_0_ver.vh
Duplicated file found; will not be sent for synthesis: /home/dcjung/tutorial/aws-fpga/hdk/common/shell_v071417d3/design/ip/cl_debug_bridge/bd_0/ip/ip_0/hdl/verilog/ltlib_v1_0_0_lib_fn.vh
Duplicated file found; will not be sent for synthesis: /home/dcjung/tutorial/aws-fpga/hdk/common/shell_v071417d3/design/ip/cl_debug_bridge/bd_0/ip/ip_0/hdl/ltlib_v1_0_vl_rfs.v
Duplicated file found; will not be sent for synthesis: /home/dcjung/tutorial/aws-fpga/hdk/common/shell_v071417d3/design/ip/axi_register_slice_light/hdl/axi_infrastructure_v1_1_0.vh
Duplicated file found; will not be sent for synthesis: /home/dcjung/tutorial/aws-fpga/hdk/common/shell_v071417d3/design/ip/axi_register_slice_light/hdl/axi_infrastructure_v1_1_vl_rfs.v
Duplicated file found; will not be sent for synthesis: /home/dcjung/tutorial/aws-fpga/hdk/common/shell_v071417d3/design/ip/axi_register_slice_light/hdl/axi_register_slice_v2_1_vl_rfs.v
Duplicated file found; will not be sent for synthesis: /home/dcjung/tutorial/aws-fpga/hdk/common/shell_v071417d3/design/ip/axi_register_slice/hdl/axi_infrastructure_v1_1_0.vh
Duplicated file found; will not be sent for synthesis: /home/dcjung/tutorial/aws-fpga/hdk/common/shell_v071417d3/design/ip/axi_register_slice/hdl/axi_infrastructure_v1_1_vl_rfs.v
Duplicated file found; will not be sent for synthesis: /home/dcjung/tutorial/aws-fpga/hdk/common/shell_v071417d3/design/ip/axi_register_slice/hdl/axi_register_slice_v2_1_vl_rfs.v
CRC performance measure: elapsed=00:00:11s;;memory_peak=2481.383MB;;memory_gain=0.000MB
